<?xml version="1.0" encoding="UTF-8"?>
<robot generator="Robot 7.4.2 (Python 3.10.2 on win32)" generated="2026-05-20T18:40:26.795063" rpa="false" schemaversion="5">
<suite id="s1" name="3 2 Assign 1" source="D:\Automate\Learning_Automate\3_2_Assign_1">
<suite id="s1-s1" name="Main" source="D:\Automate\Learning_Automate\3_2_Assign_1\main.robot">
<test id="s1-s1-t1" name="Check current second status" line="28">
<kw name="get current second">
<kw name="Evaluate" owner="BuiltIn">
<msg time="2026-05-20T18:40:26.916103" level="INFO">${second} = 26</msg>
<var>${second}</var>
<arg>datetime.datetime.now().second</arg>
<arg>modules=datetime</arg>
<doc>Evaluates the given expression in Python and returns the result.</doc>
<status status="PASS" start="2026-05-20T18:40:26.916103" elapsed="0.000000"/>
</kw>
<kw name="Convert To Integer" owner="BuiltIn">
<msg time="2026-05-20T18:40:26.917101" level="INFO">${second} = 26</msg>
<var>${second}</var>
<arg>${second}</arg>
<doc>Converts the given item to an integer number.</doc>
<status status="PASS" start="2026-05-20T18:40:26.916103" elapsed="0.000998"/>
</kw>
<kw name="Log To Console" owner="BuiltIn">
<arg>\nCurrent second is: ${second}</arg>
<doc>Logs the given message to the console.</doc>
<status status="PASS" start="2026-05-20T18:40:26.917101" elapsed="0.000000"/>
</kw>
<return>
<value>${second}</value>
<status status="PASS" start="2026-05-20T18:40:26.917101" elapsed="0.000000"/>
</return>
<msg time="2026-05-20T18:40:26.917101" level="INFO">${second} = 26</msg>
<var>${second}</var>
<doc>This keyword retrieves the current second from the system time and returns it as an integer.</doc>
<status status="PASS" start="2026-05-20T18:40:26.915095" elapsed="0.002006"/>
</kw>
<kw name="check second status">
<if>
<branch type="IF" condition="${second} == 0">
<kw name="Log To Console" owner="BuiltIn">
<arg>Jackpot</arg>
<doc>Logs the given message to the console.</doc>
<status status="NOT RUN" start="2026-05-20T18:40:26.918646" elapsed="0.000000"/>
</kw>
<status status="NOT RUN" start="2026-05-20T18:40:26.918646" elapsed="0.000000"/>
</branch>
<branch type="ELSE IF" condition="${second} &gt;= 1 and ${second} &lt;= 30">
<kw name="Log To Console" owner="BuiltIn">
<arg>Low</arg>
<doc>Logs the given message to the console.</doc>
<status status="PASS" start="2026-05-20T18:40:26.919671" elapsed="0.000000"/>
</kw>
<status status="PASS" start="2026-05-20T18:40:26.918646" elapsed="0.001025"/>
</branch>
<branch type="ELSE IF" condition="${second} &gt;= 31 and ${second} &lt;= 59">
<kw name="Log To Console" owner="BuiltIn">
<arg>High</arg>
<doc>Logs the given message to the console.</doc>
<status status="NOT RUN" start="2026-05-20T18:40:26.920672" elapsed="0.000000"/>
</kw>
<status status="NOT RUN" start="2026-05-20T18:40:26.919671" elapsed="0.001001"/>
</branch>
<branch type="ELSE">
<kw name="Log To Console" owner="BuiltIn">
<arg>Invalid second value: ${second}</arg>
<doc>Logs the given message to the console.</doc>
<status status="NOT RUN" start="2026-05-20T18:40:26.920672" elapsed="0.000000"/>
</kw>
<status status="NOT RUN" start="2026-05-20T18:40:26.920672" elapsed="0.000995"/>
</branch>
<status status="PASS" start="2026-05-20T18:40:26.918646" elapsed="0.003021"/>
</if>
<arg>${second}</arg>
<doc>This keyword checks the status of the given second and logs the appropriate message.</doc>
<status status="PASS" start="2026-05-20T18:40:26.918646" elapsed="0.003021"/>
</kw>
<doc>This test case checks the current second and logs its status.</doc>
<status status="PASS" start="2026-05-20T18:40:26.911591" elapsed="0.011120"/>
</test>
<status status="PASS" start="2026-05-20T18:40:26.889845" elapsed="0.034826"/>
</suite>
<status status="PASS" start="2026-05-20T18:40:26.825700" elapsed="0.103482"/>
</suite>
<statistics>
<total>
<stat pass="1" fail="0" skip="0">All Tests</stat>
</total>
<tag>
</tag>
<suite>
<stat name="3 2 Assign 1" id="s1" pass="1" fail="0" skip="0">3 2 Assign 1</stat>
<stat name="Main" id="s1-s1" pass="1" fail="0" skip="0">3 2 Assign 1.Main</stat>
</suite>
</statistics>
<errors>
<msg time="2026-05-20T18:40:26.775944" level="WARN">Error in file 'D:\Automate\Learning_Automate\3_2_Assign_1\main.robot' on line 12: The '[Return]' setting is deprecated. Use the 'RETURN' statement instead.</msg>
</errors>
</robot>
